<?xml version="1.0" encoding="UTF-8"?>
<!-- Generated by org.testng.reporters.JUnitReportReporter -->
<testsuite hostname="Pravanjans-MacBook-Air.local" failures="0" tests="2" name="qaclickacademy.Mavenjava.RESTAPITest" time="0.010" errors="0" timestamp="2020-06-07T07:02:14 IST" skipped="0">
  <testcase classname="qaclickacademy.Mavenjava.RESTAPITest" name="deleteTweeter" time="0.009"/>
  <system-out/>
  <testcase classname="qaclickacademy.Mavenjava.RESTAPITest" name="postJira" time="0.001"/>
  <system-out/>
</testsuite> <!-- qaclickacademy.Mavenjava.RESTAPITest -->
